{"/home/runner/work/my-mood/my-mood/my-mood/App.js": {"path":"/home/runner/work/my-mood/my-mood/my-mood/App.js","statementMap":{"0":{"start":{"line":10,"column":14},"end":{"line":10,"column":42}},"1":{"start":{"line":13,"column":42},"end":{"line":13,"column":56}},"2":{"start":{"line":15,"column":2},"end":{"line":30,"column":9}},"3":{"start":{"line":17,"column":22},"end":{"line":17,"column":40}},"4":{"start":{"line":18,"column":20},"end":{"line":18,"column":36}},"5":{"start":{"line":20,"column":6},"end":{"line":26,"column":7}},"6":{"start":{"line":21,"column":8},"end":{"line":21,"column":32}},"7":{"start":{"line":22,"column":13},"end":{"line":26,"column":7}},"8":{"start":{"line":23,"column":8},"end":{"line":23,"column":33}},"9":{"start":{"line":25,"column":8},"end":{"line":25,"column":35}},"10":{"start":{"line":29,"column":4},"end":{"line":29,"column":24}},"11":{"start":{"line":32,"column":2},"end":{"line":34,"column":3}},"12":{"start":{"line":33,"column":4},"end":{"line":33,"column":16}},"13":{"start":{"line":36,"column":2},"end":{"line":44,"column":4}}},"fnMap":{"0":{"name":"App","decl":{"start":{"line":12,"column":24},"end":{"line":12,"column":27}},"loc":{"start":{"line":12,"column":30},"end":{"line":45,"column":1}},"line":12},"1":{"name":"(anonymous_1)","decl":{"start":{"line":15,"column":12},"end":{"line":15,"column":13}},"loc":{"start":{"line":15,"column":23},"end":{"line":30,"column":3}},"line":15},"2":{"name":"checkInitialState","decl":{"start":{"line":16,"column":19},"end":{"line":16,"column":36}},"loc":{"start":{"line":16,"column":39},"end":{"line":27,"column":5}},"line":16}},"branchMap":{"0":{"loc":{"start":{"line":20,"column":6},"end":{"line":26,"column":7}},"type":"if","locations":[{"start":{"line":20,"column":6},"end":{"line":26,"column":7}},{"start":{"line":22,"column":13},"end":{"line":26,"column":7}}],"line":20},"1":{"loc":{"start":{"line":22,"column":13},"end":{"line":26,"column":7}},"type":"if","locations":[{"start":{"line":22,"column":13},"end":{"line":26,"column":7}},{"start":{"line":24,"column":13},"end":{"line":26,"column":7}}],"line":22},"2":{"loc":{"start":{"line":32,"column":2},"end":{"line":34,"column":3}},"type":"if","locations":[{"start":{"line":32,"column":2},"end":{"line":34,"column":3}},{"start":{},"end":{}}],"line":32}},"s":{"0":1,"1":4,"2":3,"3":1,"4":1,"5":1,"6":0,"7":1,"8":0,"9":1,"10":1,"11":3,"12":1,"13":2},"f":{"0":4,"1":1,"2":1},"b":{"0":[0,1],"1":[0,1],"2":[1,2]},"_coverageSchema":"1a1c01bbd47fc00a2c39e90264f33305004495a9","hash":"6abed77a902fd81552e0026d9392ef5196213fd3"}
,"/home/runner/work/my-mood/my-mood/my-mood/src/adapters/api-adapter.js": {"path":"/home/runner/work/my-mood/my-mood/my-mood/src/adapters/api-adapter.js","statementMap":{"0":{"start":{"line":7,"column":2},"end":{"line":16,"column":3}},"1":{"start":{"line":8,"column":16},"end":{"line":8,"column":39}},"2":{"start":{"line":9,"column":21},"end":{"line":11,"column":6}},"3":{"start":{"line":13,"column":4},"end":{"line":13,"column":23}},"4":{"start":{"line":15,"column":4},"end":{"line":15,"column":17}},"5":{"start":{"line":27,"column":2},"end":{"line":46,"column":3}},"6":{"start":{"line":28,"column":16},"end":{"line":28,"column":53}},"7":{"start":{"line":29,"column":21},"end":{"line":35,"column":6}},"8":{"start":{"line":37,"column":17},"end":{"line":37,"column":38}},"9":{"start":{"line":39,"column":4},"end":{"line":43,"column":5}},"10":{"start":{"line":40,"column":6},"end":{"line":40,"column":50}},"11":{"start":{"line":42,"column":6},"end":{"line":42,"column":86}},"12":{"start":{"line":45,"column":4},"end":{"line":45,"column":73}}},"fnMap":{"0":{"name":"checkHealth","decl":{"start":{"line":6,"column":15},"end":{"line":6,"column":26}},"loc":{"start":{"line":6,"column":36},"end":{"line":17,"column":1}},"line":6},"1":{"name":"login","decl":{"start":{"line":26,"column":15},"end":{"line":26,"column":20}},"loc":{"start":{"line":26,"column":47},"end":{"line":47,"column":1}},"line":26}},"branchMap":{"0":{"loc":{"start":{"line":39,"column":4},"end":{"line":43,"column":5}},"type":"if","locations":[{"start":{"line":39,"column":4},"end":{"line":43,"column":5}},{"start":{"line":41,"column":11},"end":{"line":43,"column":5}}],"line":39},"1":{"loc":{"start":{"line":42,"column":40},"end":{"line":42,"column":83}},"type":"binary-expr","locations":[{"start":{"line":42,"column":40},"end":{"line":42,"column":52}},{"start":{"line":42,"column":56},"end":{"line":42,"column":83}}],"line":42}},"s":{"0":3,"1":3,"2":3,"3":2,"4":1,"5":3,"6":3,"7":3,"8":2,"9":2,"10":1,"11":1,"12":1},"f":{"0":3,"1":3},"b":{"0":[1,1],"1":[1,0]},"_coverageSchema":"1a1c01bbd47fc00a2c39e90264f33305004495a9","hash":"244bc2373e30b881d8179373785668745192f22f"}
,"/home/runner/work/my-mood/my-mood/my-mood/src/screens/HomeScreen.js": {"path":"/home/runner/work/my-mood/my-mood/my-mood/src/screens/HomeScreen.js","statementMap":{"0":{"start":{"line":5,"column":2},"end":{"line":10,"column":4}},"1":{"start":{"line":13,"column":15},"end":{"line":23,"column":2}}},"fnMap":{"0":{"name":"HomeScreen","decl":{"start":{"line":4,"column":24},"end":{"line":4,"column":34}},"loc":{"start":{"line":4,"column":37},"end":{"line":11,"column":1}},"line":4}},"branchMap":{},"s":{"0":1,"1":2},"f":{"0":1},"b":{},"_coverageSchema":"1a1c01bbd47fc00a2c39e90264f33305004495a9","hash":"6882f9a098c9c78a296d0b003720d99bef841324"}
,"/home/runner/work/my-mood/my-mood/my-mood/src/screens/LoginScreen.js": {"path":"/home/runner/work/my-mood/my-mood/my-mood/src/screens/LoginScreen.js","statementMap":{"0":{"start":{"line":8,"column":28},"end":{"line":8,"column":40}},"1":{"start":{"line":9,"column":34},"end":{"line":9,"column":46}},"2":{"start":{"line":10,"column":32},"end":{"line":10,"column":47}},"3":{"start":{"line":13,"column":4},"end":{"line":16,"column":5}},"4":{"start":{"line":14,"column":6},"end":{"line":14,"column":64}},"5":{"start":{"line":15,"column":6},"end":{"line":15,"column":13}},"6":{"start":{"line":18,"column":4},"end":{"line":18,"column":21}},"7":{"start":{"line":19,"column":20},"end":{"line":19,"column":38}},"8":{"start":{"line":20,"column":19},"end":{"line":20,"column":63}},"9":{"start":{"line":22,"column":4},"end":{"line":27,"column":5}},"10":{"start":{"line":23,"column":6},"end":{"line":23,"column":36}},"11":{"start":{"line":24,"column":6},"end":{"line":24,"column":34}},"12":{"start":{"line":26,"column":6},"end":{"line":26,"column":81}},"13":{"start":{"line":29,"column":4},"end":{"line":29,"column":22}},"14":{"start":{"line":32,"column":2},"end":{"line":60,"column":4}},"15":{"start":{"line":63,"column":15},"end":{"line":84,"column":2}}},"fnMap":{"0":{"name":"LoginScreen","decl":{"start":{"line":7,"column":24},"end":{"line":7,"column":35}},"loc":{"start":{"line":7,"column":52},"end":{"line":61,"column":1}},"line":7},"1":{"name":"handleLogin","decl":{"start":{"line":12,"column":17},"end":{"line":12,"column":28}},"loc":{"start":{"line":12,"column":31},"end":{"line":30,"column":3}},"line":12}},"branchMap":{"0":{"loc":{"start":{"line":13,"column":4},"end":{"line":16,"column":5}},"type":"if","locations":[{"start":{"line":13,"column":4},"end":{"line":16,"column":5}},{"start":{},"end":{}}],"line":13},"1":{"loc":{"start":{"line":13,"column":8},"end":{"line":13,"column":34}},"type":"binary-expr","locations":[{"start":{"line":13,"column":8},"end":{"line":13,"column":21}},{"start":{"line":13,"column":25},"end":{"line":13,"column":34}}],"line":13},"2":{"loc":{"start":{"line":22,"column":4},"end":{"line":27,"column":5}},"type":"if","locations":[{"start":{"line":22,"column":4},"end":{"line":27,"column":5}},{"start":{"line":25,"column":11},"end":{"line":27,"column":5}}],"line":22},"3":{"loc":{"start":{"line":26,"column":28},"end":{"line":26,"column":79}},"type":"binary-expr","locations":[{"start":{"line":26,"column":28},"end":{"line":26,"column":42}},{"start":{"line":26,"column":46},"end":{"line":26,"column":79}}],"line":26},"4":{"loc":{"start":{"line":55,"column":15},"end":{"line":55,"column":56}},"type":"cond-expr","locations":[{"start":{"line":55,"column":25},"end":{"line":55,"column":39}},{"start":{"line":55,"column":42},"end":{"line":55,"column":56}}],"line":55}},"s":{"0":1,"1":1,"2":1,"3":0,"4":0,"5":0,"6":0,"7":0,"8":0,"9":0,"10":0,"11":0,"12":0,"13":0,"14":1,"15":2},"f":{"0":1,"1":0},"b":{"0":[0,0],"1":[0,0],"2":[0,0],"3":[0,0],"4":[0,1]},"_coverageSchema":"1a1c01bbd47fc00a2c39e90264f33305004495a9","hash":"4b1243406a2fe5a484fa29ab9e0c545aca2eaa88"}
,"/home/runner/work/my-mood/my-mood/my-mood/src/screens/WelcomeScreen.js": {"path":"/home/runner/work/my-mood/my-mood/my-mood/src/screens/WelcomeScreen.js","statementMap":{"0":{"start":{"line":8,"column":24},"end":{"line":8,"column":36}},"1":{"start":{"line":9,"column":32},"end":{"line":9,"column":47}},"2":{"start":{"line":12,"column":4},"end":{"line":15,"column":5}},"3":{"start":{"line":13,"column":6},"end":{"line":13,"column":55}},"4":{"start":{"line":14,"column":6},"end":{"line":14,"column":13}},"5":{"start":{"line":17,"column":4},"end":{"line":17,"column":21}},"6":{"start":{"line":18,"column":22},"end":{"line":18,"column":51}},"7":{"start":{"line":20,"column":4},"end":{"line":25,"column":5}},"8":{"start":{"line":21,"column":6},"end":{"line":21,"column":36}},"9":{"start":{"line":22,"column":6},"end":{"line":22,"column":35}},"10":{"start":{"line":24,"column":6},"end":{"line":24,"column":96}},"11":{"start":{"line":27,"column":4},"end":{"line":27,"column":22}},"12":{"start":{"line":30,"column":2},"end":{"line":51,"column":4}},"13":{"start":{"line":54,"column":15},"end":{"line":81,"column":2}}},"fnMap":{"0":{"name":"WelcomeScreen","decl":{"start":{"line":7,"column":24},"end":{"line":7,"column":37}},"loc":{"start":{"line":7,"column":54},"end":{"line":52,"column":1}},"line":7},"1":{"name":"handleContinue","decl":{"start":{"line":11,"column":17},"end":{"line":11,"column":31}},"loc":{"start":{"line":11,"column":34},"end":{"line":28,"column":3}},"line":11}},"branchMap":{"0":{"loc":{"start":{"line":12,"column":4},"end":{"line":15,"column":5}},"type":"if","locations":[{"start":{"line":12,"column":4},"end":{"line":15,"column":5}},{"start":{},"end":{}}],"line":12},"1":{"loc":{"start":{"line":20,"column":4},"end":{"line":25,"column":5}},"type":"if","locations":[{"start":{"line":20,"column":4},"end":{"line":25,"column":5}},{"start":{"line":23,"column":11},"end":{"line":25,"column":5}}],"line":20},"2":{"loc":{"start":{"line":46,"column":15},"end":{"line":46,"column":56}},"type":"cond-expr","locations":[{"start":{"line":46,"column":25},"end":{"line":46,"column":42}},{"start":{"line":46,"column":45},"end":{"line":46,"column":56}}],"line":46}},"s":{"0":1,"1":1,"2":0,"3":0,"4":0,"5":0,"6":0,"7":0,"8":0,"9":0,"10":0,"11":0,"12":1,"13":2},"f":{"0":1,"1":0},"b":{"0":[0,0],"1":[0,0],"2":[0,1]},"_coverageSchema":"1a1c01bbd47fc00a2c39e90264f33305004495a9","hash":"233acf9be0dad3318138bff6d54576326fe0ecbf"}
,"/home/runner/work/my-mood/my-mood/my-mood/src/utils/storage.js": {"path":"/home/runner/work/my-mood/my-mood/my-mood/src/utils/storage.js","statementMap":{"0":{"start":{"line":3,"column":21},"end":{"line":3,"column":39}},"1":{"start":{"line":4,"column":18},"end":{"line":4,"column":33}},"2":{"start":{"line":11,"column":2},"end":{"line":11,"column":52}},"3":{"start":{"line":19,"column":2},"end":{"line":19,"column":54}},"4":{"start":{"line":27,"column":2},"end":{"line":27,"column":51}},"5":{"start":{"line":35,"column":2},"end":{"line":35,"column":51}},"6":{"start":{"line":42,"column":2},"end":{"line":42,"column":47}}},"fnMap":{"0":{"name":"saveBaseUrl","decl":{"start":{"line":10,"column":15},"end":{"line":10,"column":26}},"loc":{"start":{"line":10,"column":32},"end":{"line":12,"column":1}},"line":10},"1":{"name":"getBaseUrl","decl":{"start":{"line":18,"column":15},"end":{"line":18,"column":25}},"loc":{"start":{"line":18,"column":28},"end":{"line":20,"column":1}},"line":18},"2":{"name":"saveToken","decl":{"start":{"line":26,"column":15},"end":{"line":26,"column":24}},"loc":{"start":{"line":26,"column":32},"end":{"line":28,"column":1}},"line":26},"3":{"name":"getToken","decl":{"start":{"line":34,"column":15},"end":{"line":34,"column":23}},"loc":{"start":{"line":34,"column":26},"end":{"line":36,"column":1}},"line":34},"4":{"name":"deleteToken","decl":{"start":{"line":41,"column":15},"end":{"line":41,"column":26}},"loc":{"start":{"line":41,"column":29},"end":{"line":43,"column":1}},"line":41}},"branchMap":{},"s":{"0":3,"1":3,"2":0,"3":0,"4":0,"5":0,"6":0},"f":{"0":0,"1":0,"2":0,"3":0,"4":0},"b":{},"_coverageSchema":"1a1c01bbd47fc00a2c39e90264f33305004495a9","hash":"8725d2d9fdbd7141700c66f28b40edeb6d0a32fc"}
}
