TN:
SF:App.js
FN:12,App
FN:15,(anonymous_1)
FN:16,checkInitialState
FNF:3
FNH:3
FNDA:4,App
FNDA:1,(anonymous_1)
FNDA:1,checkInitialState
DA:10,1
DA:13,4
DA:15,3
DA:17,1
DA:18,1
DA:20,1
DA:21,0
DA:22,1
DA:23,0
DA:25,1
DA:29,1
DA:32,3
DA:33,1
DA:36,2
LF:14
LH:12
BRDA:20,0,0,0
BRDA:20,0,1,1
BRDA:22,1,0,0
BRDA:22,1,1,1
BRDA:32,2,0,1
BRDA:32,2,1,2
BRF:6
BRH:4
end_of_record
TN:
SF:src/adapters/api-adapter.js
FN:6,checkHealth
FN:26,login
FNF:2
FNH:2
FNDA:3,checkHealth
FNDA:3,login
DA:7,3
DA:8,3
DA:9,3
DA:13,2
DA:15,1
DA:27,3
DA:28,3
DA:29,3
DA:37,2
DA:39,2
DA:40,1
DA:42,1
DA:45,1
LF:13
LH:13
BRDA:39,0,0,1
BRDA:39,0,1,1
BRDA:42,1,0,1
BRDA:42,1,1,0
BRF:4
BRH:3
end_of_record
TN:
SF:src/screens/HomeScreen.js
FN:4,HomeScreen
FNF:1
FNH:1
FNDA:1,HomeScreen
DA:5,1
DA:13,2
LF:2
LH:2
BRF:0
BRH:0
end_of_record
TN:
SF:src/screens/LoginScreen.js
FN:7,LoginScreen
FN:12,handleLogin
FNF:2
FNH:1
FNDA:1,LoginScreen
FNDA:0,handleLogin
DA:8,1
DA:9,1
DA:10,1
DA:13,0
DA:14,0
DA:15,0
DA:18,0
DA:19,0
DA:20,0
DA:22,0
DA:23,0
DA:24,0
DA:26,0
DA:29,0
DA:32,1
DA:63,2
LF:16
LH:5
BRDA:13,0,0,0
BRDA:13,0,1,0
BRDA:13,1,0,0
BRDA:13,1,1,0
BRDA:22,2,0,0
BRDA:22,2,1,0
BRDA:26,3,0,0
BRDA:26,3,1,0
BRDA:55,4,0,0
BRDA:55,4,1,1
BRF:10
BRH:1
end_of_record
TN:
SF:src/screens/WelcomeScreen.js
FN:7,WelcomeScreen
FN:11,handleContinue
FNF:2
FNH:1
FNDA:1,WelcomeScreen
FNDA:0,handleContinue
DA:8,1
DA:9,1
DA:12,0
DA:13,0
DA:14,0
DA:17,0
DA:18,0
DA:20,0
DA:21,0
DA:22,0
DA:24,0
DA:27,0
DA:30,1
DA:54,2
LF:14
LH:4
BRDA:12,0,0,0
BRDA:12,0,1,0
BRDA:20,1,0,0
BRDA:20,1,1,0
BRDA:46,2,0,0
BRDA:46,2,1,1
BRF:6
BRH:1
end_of_record
TN:
SF:src/utils/storage.js
FN:10,saveBaseUrl
FN:18,getBaseUrl
FN:26,saveToken
FN:34,getToken
FN:41,deleteToken
FNF:5
FNH:0
FNDA:0,saveBaseUrl
FNDA:0,getBaseUrl
FNDA:0,saveToken
FNDA:0,getToken
FNDA:0,deleteToken
DA:3,3
DA:4,3
DA:11,0
DA:19,0
DA:27,0
DA:35,0
DA:42,0
LF:7
LH:2
BRF:0
BRH:0
end_of_record
